2026-04-01 22:06:44,831 [INFO] ============================================================
2026-04-01 22:06:44,840 [INFO] STARTING scrape: https://www.99acres.com/property-in-noida-ffid?city=7&preference=S&area_unit=1&res_com=R
2026-04-01 22:06:44,842 [INFO] Pages: 5 | Output: data/noida_buy.csv
2026-04-01 22:06:44,842 [INFO] ============================================================
2026-04-01 22:06:50,630 [INFO] Page 1/5 | 0 listings | ~0/page | ETA ~0min
2026-04-01 22:07:50,651 [WARNING] networkidle timeout on page 1, continuing
2026-04-01 22:08:13,295 [INFO] Extracted 27 listings from window.__initialData__
2026-04-01 22:08:13,296 [INFO] Page 1: +2 new (2 total) [XHR/script] (82.7s)
2026-04-01 22:08:13,643 [INFO] Page 2/5 | 2 listings | ~2/page | ETA ~4min
2026-04-01 22:08:14,092 [INFO] XHR captured 25 listings from https://www.99acres.com/api-aggregator/srp/search?page=2&page_size=25&platform=DESKTOP&exc
2026-04-01 22:09:21,765 [INFO] XHR captured 25 listings from https://www.99acres.com/api-aggregator/srp/search?page=3&page_size=25&platform=DESKTOP&enc
2026-04-01 22:09:22,668 [INFO] Extracted 25 listings from window.__initialData__
2026-04-01 22:09:22,675 [INFO] Page 2: +0 new (2 total) [XHR/script] (69.0s)
2026-04-01 22:09:22,695 [INFO] Page 3/5 | 2 listings | ~1/page | ETA ~3min
2026-04-01 22:10:12,104 [INFO] XHR captured 25 listings from https://www.99acres.com/api-aggregator/srp/search?page=4&page_size=25&platform=DESKTOP&enc
2026-04-01 22:10:12,382 [INFO] Extracted 25 listings from window.__initialData__
2026-04-01 22:10:12,383 [INFO] Page 3: +11 new (13 total) [XHR/script] (49.7s)
2026-04-01 22:10:12,679 [INFO] Page 4/5 | 13 listings | ~4/page | ETA ~1min
2026-04-01 22:11:05,521 [INFO] Extracted 25 listings from window.__initialData__
2026-04-01 22:11:05,522 [INFO] Page 4: +17 new (30 total) [XHR/script] (52.8s)
2026-04-01 22:11:05,584 [INFO] Page 5/5 | 30 listings | ~8/page | ETA ~0min
2026-04-01 22:12:07,041 [INFO] Extracted 25 listings from window.__initialData__
2026-04-01 22:12:07,042 [INFO] Page 5: +19 new (49 total) [XHR/script] (61.5s)
2026-04-01 22:12:07,102 [INFO] Scraper finished: 49 unique listings in 5.4min (5 pages)
2026-04-01 22:12:08,980 [INFO] Output: 49 properties (77 cols) -> data\noida_buy.csv
2026-04-01 22:12:09,026 [INFO] 
  listing_id                                                 title price_label   city bedrooms
0   89339991                       2 BHK Flat in Sector 131, Noida        84 L  Noida        2
1   88565132                      3 BHK Flat in Sector 93 B, Noida      2.5 Cr  Noida        3
2   88968198                        3 BHK Flat in Sector 62, Noida        2 Cr  Noida        3
3   89920180  Residential land / Plot in B Block Sector 105, Noida    11.57 Cr  Noida      NaN
4   88609632                        3 BHK Flat in Sector 75, Noida     1.78 Cr  Noida        3
2026-04-01 22:12:09,027 [INFO] Complete: 49 listings in 5.4min.
